2021-08-31T01:45:30+07:00 CRITICAL Uncaught Error: Class 'CX_Fonts_Manager' not found in /Volumes/Business/la-studioweb.com/public_html/omens.la-studioweb.com/wp-content/plugins/lastudio-element-kit/lastudio-element-kit.php:575
Stack trace:
#0 /Volumes/Business/la-studioweb.com/public_html/omens.la-studioweb.com/wp-includes/class-wp-hook.php(303): LaStudio_Kit->init_customizer('')
#1 /Volumes/Business/la-studioweb.com/public_html/omens.la-studioweb.com/wp-includes/class-wp-hook.php(327): WP_Hook->apply_filters(NULL, Array)
#2 /Volumes/Business/la-studioweb.com/public_html/omens.la-studioweb.com/wp-includes/plugin.php(470): WP_Hook->do_action(Array)
#3 /Volumes/Business/la-studioweb.com/public_html/omens.la-studioweb.com/wp-settings.php(556): do_action('after_setup_the...')
#4 /Volumes/Business/la-studioweb.com/public_html/omens.la-studioweb.com/wp-config.php(107): require_once('/Volumes/Busine...')
#5 /Volumes/Business/la-studioweb.com/public_html/omens.la-studioweb.com/wp-load.php(50): require_once('/Volumes/Busine...')
#6 /Volumes/Business/l in /Volumes/Business/la-studioweb.com/public_html/omens.la-studioweb.com/wp-content/plugins/lastudio-element-kit/lastudio-element-kit.php on line 575

2021-08-31T01:46:31+07:00 CRITICAL Uncaught Error: Class 'CX_Fonts_Manager' not found in /Volumes/Business/la-studioweb.com/public_html/omens.la-studioweb.com/wp-content/plugins/lastudio-element-kit/lastudio-element-kit.php:575
Stack trace:
#0 /Volumes/Business/la-studioweb.com/public_html/omens.la-studioweb.com/wp-includes/class-wp-hook.php(303): LaStudio_Kit->init_customizer('')
#1 /Volumes/Business/la-studioweb.com/public_html/omens.la-studioweb.com/wp-includes/class-wp-hook.php(327): WP_Hook->apply_filters(NULL, Array)
#2 /Volumes/Business/la-studioweb.com/public_html/omens.la-studioweb.com/wp-includes/plugin.php(470): WP_Hook->do_action(Array)
#3 /Volumes/Business/la-studioweb.com/public_html/omens.la-studioweb.com/wp-settings.php(556): do_action('after_setup_the...')
#4 /Volumes/Business/la-studioweb.com/public_html/omens.la-studioweb.com/wp-config.php(107): require_once('/Volumes/Busine...')
#5 /Volumes/Business/la-studioweb.com/public_html/omens.la-studioweb.com/wp-load.php(50): require_once('/Volumes/Busine...')
#6 /Volumes/Business/l in /Volumes/Business/la-studioweb.com/public_html/omens.la-studioweb.com/wp-content/plugins/lastudio-element-kit/lastudio-element-kit.php on line 575

2021-08-31T01:48:56+07:00 CRITICAL Uncaught Error: Class 'CX_Fonts_Manager' not found in /Volumes/Business/la-studioweb.com/public_html/omens.la-studioweb.com/wp-content/plugins/lastudio-element-kit/lastudio-element-kit.php:575
Stack trace:
#0 /Volumes/Business/la-studioweb.com/public_html/omens.la-studioweb.com/wp-includes/class-wp-hook.php(303): LaStudio_Kit->init_customizer('')
#1 /Volumes/Business/la-studioweb.com/public_html/omens.la-studioweb.com/wp-includes/class-wp-hook.php(327): WP_Hook->apply_filters(NULL, Array)
#2 /Volumes/Business/la-studioweb.com/public_html/omens.la-studioweb.com/wp-includes/plugin.php(470): WP_Hook->do_action(Array)
#3 /Volumes/Business/la-studioweb.com/public_html/omens.la-studioweb.com/wp-settings.php(556): do_action('after_setup_the...')
#4 /Volumes/Business/la-studioweb.com/public_html/omens.la-studioweb.com/wp-config.php(107): require_once('/Volumes/Busine...')
#5 /Volumes/Business/la-studioweb.com/public_html/omens.la-studioweb.com/wp-load.php(50): require_once('/Volumes/Busine...')
#6 /Volumes/Business/l in /Volumes/Business/la-studioweb.com/public_html/omens.la-studioweb.com/wp-content/plugins/lastudio-element-kit/lastudio-element-kit.php on line 575

2021-08-31T01:50:20+07:00 CRITICAL Uncaught Error: Class 'CX_Fonts_Manager' not found in /Volumes/Business/la-studioweb.com/public_html/omens.la-studioweb.com/wp-content/plugins/lastudio-element-kit/lastudio-element-kit.php:572
Stack trace:
#0 /Volumes/Business/la-studioweb.com/public_html/omens.la-studioweb.com/wp-includes/class-wp-hook.php(303): LaStudio_Kit->init_customizer('')
#1 /Volumes/Business/la-studioweb.com/public_html/omens.la-studioweb.com/wp-includes/class-wp-hook.php(327): WP_Hook->apply_filters(NULL, Array)
#2 /Volumes/Business/la-studioweb.com/public_html/omens.la-studioweb.com/wp-includes/plugin.php(470): WP_Hook->do_action(Array)
#3 /Volumes/Business/la-studioweb.com/public_html/omens.la-studioweb.com/wp-settings.php(556): do_action('after_setup_the...')
#4 /Volumes/Business/la-studioweb.com/public_html/omens.la-studioweb.com/wp-config.php(107): require_once('/Volumes/Busine...')
#5 /Volumes/Business/la-studioweb.com/public_html/omens.la-studioweb.com/wp-load.php(50): require_once('/Volumes/Busine...')
#6 /Volumes/Business/l in /Volumes/Business/la-studioweb.com/public_html/omens.la-studioweb.com/wp-content/plugins/lastudio-element-kit/lastudio-element-kit.php on line 572

